Using pre-set license
Built from '2020.3/staging' branch; Version is '2020.3.4f1 (0abb6314276a) revision 703331'; Using compiler version '192528614'; Build Type 'Release'
OS: 'Windows 10 Education; OS build 18363.1854; Version 1909; 64bit' Language: 'ru' Physical Memory: 32683 MB
BatchMode: 1, IsHumanControllingUs: 0, StartBugReporterOnCrash: 0, Is64bit: 1, IsPro: 0

 COMMAND LINE ARGUMENTS:
C:\Program Files\Unity\Hub\Editor\2020.3.4f1\Editor\Unity.exe
-adb2
-batchMode
-noUpm
-name
AssetImportWorker0
-projectPath
C:/Projects/DominiGames/DominiGames
-logFile
Logs/AssetImportWorker0.log
-srvPort
53964
Successfully changed project path to: C:/Projects/DominiGames/DominiGames
C:/Projects/DominiGames/DominiGames
Using Asset Import Pipeline V2.
Refreshing native plugins compatible for Editor in 18.87 ms, found 0 plugins.
Preloading 0 native plugins for Editor in 0.00 ms.
Initialize engine version: 2020.3.4f1 (0abb6314276a)
[Subsystems] Discovering subsystems at path C:/Program Files/Unity/Hub/Editor/2020.3.4f1/Editor/Data/Resources/UnitySubsystems
[Subsystems] Discovering subsystems at path C:/Projects/DominiGames/DominiGames/Assets
GfxDevice: creating device client; threaded=0
Direct3D:
    Version:  Direct3D 11.0 [level 11.1]
    Renderer: NVIDIA GeForce RTX 2060 (ID=0x1f08)
    Vendor:   
    VRAM:     5980 MB
    Driver:   27.21.14.5751
Initialize mono
Mono path[0] = 'C:/Program Files/Unity/Hub/Editor/2020.3.4f1/Editor/Data/Managed'
Mono path[1] = 'C:/Program Files/Unity/Hub/Editor/2020.3.4f1/Editor/Data/MonoBleedingEdge/lib/mono/unityjit'
Mono config path = 'C:/Program Files/Unity/Hub/Editor/2020.3.4f1/Editor/Data/MonoBleedingEdge/etc'
Using monoOptions --debugger-agent=transport=dt_socket,embedding=1,server=y,suspend=n,address=127.0.0.1:56960
Begin MonoManager ReloadAssembly
Registering precompiled unity dll's ...
Register platform support module: C:/Program Files/Unity/Hub/Editor/2020.3.4f1/Editor/Data/PlaybackEngines/WindowsStandaloneSupport/UnityEditor.WindowsStandalone.Extensions.dll
Registered in 0.001446 seconds.
Native extension for WindowsStandalone target not found
Refreshing native plugins compatible for Editor in 21.15 ms, found 0 plugins.
Preloading 0 native plugins for Editor in 0.00 ms.
Mono: successfully reloaded assembly
- Completed reload, in  1.579 seconds
Platform modules already initialized, skipping
Registering precompiled user dll's ...
Registered in 0.001122 seconds.
Begin MonoManager ReloadAssembly
Native extension for WindowsStandalone target not found
Refreshing native plugins compatible for Editor in 0.19 ms, found 0 plugins.
Preloading 0 native plugins for Editor in 0.00 ms.
Mono: successfully reloaded assembly
- Completed reload, in  0.671 seconds
Platform modules already initialized, skipping
========================================================================
Worker process is ready to serve import requests
Launched and connected shader compiler UnityShaderCompiler.exe after 0.03 seconds
Refreshing native plugins compatible for Editor in 0.23 ms, found 0 plugins.
Preloading 0 native plugins for Editor in 0.00 ms.
Unloading 1156 Unused Serialized files (Serialized files now loaded: 0)
System memory in use before: 58.1 MB.
System memory in use after: 58.2 MB.

Unloading 12 unused Assets to reduce memory usage. Loaded Objects now: 1602.
Total: 1.521500 ms (FindLiveObjects: 0.112200 ms CreateObjectMapping: 0.035200 ms MarkObjects: 1.315300 ms  DeleteObjects: 0.058100 ms)

========================================================================
Received Import Request.
  path: Assets/Resources/Cell.prefab
  artifactKey: Guid(d89d1a920e0ed214aa335027c5af38d8) Importer(815301076,1909f56bfc062723c751e8b465ee728b)
Start importing Assets/Resources/Cell.prefab using Guid(d89d1a920e0ed214aa335027c5af38d8) Importer(815301076,1909f56bfc062723c751e8b465ee728b)  -> (artifact id: 'ec4f832afb27cec48829f58e6eb15509') in 0.074363 seconds
  Import took 0.075940 seconds .

========================================================================
Received Prepare
Registering precompiled user dll's ...
Registered in 0.001113 seconds.
Begin MonoManager ReloadAssembly
Native extension for WindowsStandalone target not found
Refreshing native plugins compatible for Editor in 0.19 ms, found 0 plugins.
Preloading 0 native plugins for Editor in 0.00 ms.
Mono: successfully reloaded assembly
- Completed reload, in  0.634 seconds
Platform modules already initialized, skipping
Refreshing native plugins compatible for Editor in 0.18 ms, found 0 plugins.
Preloading 0 native plugins for Editor in 0.00 ms.
Unloading 1151 Unused Serialized files (Serialized files now loaded: 0)
System memory in use before: 61.2 MB.
System memory in use after: 61.3 MB.

Unloading 7 unused Assets to reduce memory usage. Loaded Objects now: 1612.
Total: 1.284800 ms (FindLiveObjects: 0.128000 ms CreateObjectMapping: 0.027700 ms MarkObjects: 1.096500 ms  DeleteObjects: 0.031900 ms)

========================================================================
Received Prepare
Registering precompiled user dll's ...
Registered in 0.001240 seconds.
Begin MonoManager ReloadAssembly
Native extension for WindowsStandalone target not found
Refreshing native plugins compatible for Editor in 0.23 ms, found 0 plugins.
Preloading 0 native plugins for Editor in 0.00 ms.
Mono: successfully reloaded assembly
- Completed reload, in  0.729 seconds
Platform modules already initialized, skipping
Refreshing native plugins compatible for Editor in 0.21 ms, found 0 plugins.
Preloading 0 native plugins for Editor in 0.00 ms.
Unloading 1151 Unused Serialized files (Serialized files now loaded: 0)
System memory in use before: 61.2 MB.
System memory in use after: 61.3 MB.

Unloading 7 unused Assets to reduce memory usage. Loaded Objects now: 1615.
Total: 1.475800 ms (FindLiveObjects: 0.134900 ms CreateObjectMapping: 0.038900 ms MarkObjects: 1.245800 ms  DeleteObjects: 0.055400 ms)

========================================================================
Received Import Request.
  Time since last request: 142.820653 seconds.
  path: Assets/Resources/Cell.prefab
  artifactKey: Guid(d89d1a920e0ed214aa335027c5af38d8) Importer(815301076,1909f56bfc062723c751e8b465ee728b)
Start importing Assets/Resources/Cell.prefab using Guid(d89d1a920e0ed214aa335027c5af38d8) Importer(815301076,1909f56bfc062723c751e8b465ee728b)  -> (artifact id: '532a85a41ffcb164310f35aa51c48343') in 0.046509 seconds
  Import took 0.048748 seconds .

========================================================================
Received Import Request.
  Time since last request: 9.797722 seconds.
  path: Assets/Resources/Cell.prefab
  artifactKey: Guid(d89d1a920e0ed214aa335027c5af38d8) Importer(815301076,1909f56bfc062723c751e8b465ee728b)
Start importing Assets/Resources/Cell.prefab using Guid(d89d1a920e0ed214aa335027c5af38d8) Importer(815301076,1909f56bfc062723c751e8b465ee728b)  -> (artifact id: '004c0d55f046e523b0ea66ed87c211d3') in 0.013159 seconds
  Import took 0.014994 seconds .

========================================================================
Received Import Request.
  Time since last request: 8.242177 seconds.
  path: Assets/Resources/Cell.prefab
  artifactKey: Guid(d89d1a920e0ed214aa335027c5af38d8) Importer(815301076,1909f56bfc062723c751e8b465ee728b)
Start importing Assets/Resources/Cell.prefab using Guid(d89d1a920e0ed214aa335027c5af38d8) Importer(815301076,1909f56bfc062723c751e8b465ee728b)  -> (artifact id: '3ca8bc059971afde8e0b4a4f85b1adb4') in 0.009539 seconds
  Import took 0.011458 seconds .

========================================================================
Received Import Request.
  Time since last request: 4.628657 seconds.
  path: Assets/Resources/Cell.prefab
  artifactKey: Guid(d89d1a920e0ed214aa335027c5af38d8) Importer(815301076,1909f56bfc062723c751e8b465ee728b)
Start importing Assets/Resources/Cell.prefab using Guid(d89d1a920e0ed214aa335027c5af38d8) Importer(815301076,1909f56bfc062723c751e8b465ee728b)  -> (artifact id: '7b1a56810d0367fe8b1f7f351cf2e6e1') in 0.013637 seconds
  Import took 0.015777 seconds .

========================================================================
Received Prepare
Registering precompiled user dll's ...
Registered in 0.001234 seconds.
Begin MonoManager ReloadAssembly
Native extension for WindowsStandalone target not found
Refreshing native plugins compatible for Editor in 0.20 ms, found 0 plugins.
Preloading 0 native plugins for Editor in 0.00 ms.
Mono: successfully reloaded assembly
- Completed reload, in  0.759 seconds
Platform modules already initialized, skipping
Refreshing native plugins compatible for Editor in 0.23 ms, found 0 plugins.
Preloading 0 native plugins for Editor in 0.00 ms.
Unloading 1151 Unused Serialized files (Serialized files now loaded: 0)
System memory in use before: 61.2 MB.
System memory in use after: 61.3 MB.

Unloading 7 unused Assets to reduce memory usage. Loaded Objects now: 1619.
Total: 1.569800 ms (FindLiveObjects: 0.153800 ms CreateObjectMapping: 0.032600 ms MarkObjects: 1.324400 ms  DeleteObjects: 0.058500 ms)

========================================================================
Received Import Request.
  Time since last request: 67.741997 seconds.
  path: Assets/Resources/Cell.prefab
  artifactKey: Guid(d89d1a920e0ed214aa335027c5af38d8) Importer(815301076,1909f56bfc062723c751e8b465ee728b)
Start importing Assets/Resources/Cell.prefab using Guid(d89d1a920e0ed214aa335027c5af38d8) Importer(815301076,1909f56bfc062723c751e8b465ee728b)  -> (artifact id: 'f945033d804df44f296eb78c8a5f06ce') in 0.054546 seconds
  Import took 0.056370 seconds .

========================================================================
Received Prepare
Registering precompiled user dll's ...
Registered in 0.001210 seconds.
Begin MonoManager ReloadAssembly
Native extension for WindowsStandalone target not found
Refreshing native plugins compatible for Editor in 0.20 ms, found 0 plugins.
Preloading 0 native plugins for Editor in 0.00 ms.
Mono: successfully reloaded assembly
- Completed reload, in  0.715 seconds
Platform modules already initialized, skipping
Refreshing native plugins compatible for Editor in 0.18 ms, found 0 plugins.
Preloading 0 native plugins for Editor in 0.00 ms.
Unloading 1151 Unused Serialized files (Serialized files now loaded: 0)
System memory in use before: 61.3 MB.
System memory in use after: 61.3 MB.

Unloading 7 unused Assets to reduce memory usage. Loaded Objects now: 1623.
Total: 1.387800 ms (FindLiveObjects: 0.136100 ms CreateObjectMapping: 0.030000 ms MarkObjects: 1.187200 ms  DeleteObjects: 0.033900 ms)

========================================================================
Received Prepare
Registering precompiled user dll's ...
Registered in 0.001074 seconds.
Begin MonoManager ReloadAssembly
Native extension for WindowsStandalone target not found
Refreshing native plugins compatible for Editor in 0.19 ms, found 0 plugins.
Preloading 0 native plugins for Editor in 0.00 ms.
Mono: successfully reloaded assembly
- Completed reload, in  0.625 seconds
Platform modules already initialized, skipping
Refreshing native plugins compatible for Editor in 0.19 ms, found 0 plugins.
Preloading 0 native plugins for Editor in 0.00 ms.
Unloading 1151 Unused Serialized files (Serialized files now loaded: 0)
System memory in use before: 61.3 MB.
System memory in use after: 61.3 MB.

Unloading 7 unused Assets to reduce memory usage. Loaded Objects now: 1626.
Total: 1.369300 ms (FindLiveObjects: 0.114200 ms CreateObjectMapping: 0.032200 ms MarkObjects: 1.147900 ms  DeleteObjects: 0.074200 ms)

========================================================================
Received Prepare
Registering precompiled user dll's ...
Registered in 0.001048 seconds.
Begin MonoManager ReloadAssembly
Native extension for WindowsStandalone target not found
Refreshing native plugins compatible for Editor in 0.19 ms, found 0 plugins.
Preloading 0 native plugins for Editor in 0.00 ms.
Mono: successfully reloaded assembly
- Completed reload, in  0.636 seconds
Platform modules already initialized, skipping
Refreshing native plugins compatible for Editor in 0.19 ms, found 0 plugins.
Preloading 0 native plugins for Editor in 0.00 ms.
Unloading 1151 Unused Serialized files (Serialized files now loaded: 0)
System memory in use before: 61.3 MB.
System memory in use after: 61.3 MB.

Unloading 7 unused Assets to reduce memory usage. Loaded Objects now: 1629.
Total: 1.576100 ms (FindLiveObjects: 0.116200 ms CreateObjectMapping: 0.026700 ms MarkObjects: 1.350500 ms  DeleteObjects: 0.082000 ms)

========================================================================
Received Prepare
Registering precompiled user dll's ...
Registered in 0.001060 seconds.
Begin MonoManager ReloadAssembly
Native extension for WindowsStandalone target not found
Refreshing native plugins compatible for Editor in 0.19 ms, found 0 plugins.
Preloading 0 native plugins for Editor in 0.00 ms.
Mono: successfully reloaded assembly
- Completed reload, in  0.616 seconds
Platform modules already initialized, skipping
Refreshing native plugins compatible for Editor in 0.18 ms, found 0 plugins.
Preloading 0 native plugins for Editor in 0.00 ms.
Unloading 1151 Unused Serialized files (Serialized files now loaded: 0)
System memory in use before: 61.3 MB.
System memory in use after: 61.3 MB.

Unloading 7 unused Assets to reduce memory usage. Loaded Objects now: 1632.
Total: 1.376700 ms (FindLiveObjects: 0.108500 ms CreateObjectMapping: 0.030400 ms MarkObjects: 1.163000 ms  DeleteObjects: 0.074000 ms)

========================================================================
Received Prepare
Registering precompiled user dll's ...
Registered in 0.001319 seconds.
Begin MonoManager ReloadAssembly
Native extension for WindowsStandalone target not found
Refreshing native plugins compatible for Editor in 0.21 ms, found 0 plugins.
Preloading 0 native plugins for Editor in 0.00 ms.
Mono: successfully reloaded assembly
- Completed reload, in  0.717 seconds
Platform modules already initialized, skipping
Refreshing native plugins compatible for Editor in 0.20 ms, found 0 plugins.
Preloading 0 native plugins for Editor in 0.00 ms.
Unloading 1151 Unused Serialized files (Serialized files now loaded: 0)
System memory in use before: 61.3 MB.
System memory in use after: 61.4 MB.

Unloading 7 unused Assets to reduce memory usage. Loaded Objects now: 1635.
Total: 1.580700 ms (FindLiveObjects: 0.156300 ms CreateObjectMapping: 0.039800 ms MarkObjects: 1.338300 ms  DeleteObjects: 0.044600 ms)

========================================================================
Received Prepare
Registering precompiled user dll's ...
Registered in 0.001531 seconds.
Begin MonoManager ReloadAssembly
Native extension for WindowsStandalone target not found
Refreshing native plugins compatible for Editor in 0.19 ms, found 0 plugins.
Preloading 0 native plugins for Editor in 0.00 ms.
Mono: successfully reloaded assembly
- Completed reload, in  0.725 seconds
Platform modules already initialized, skipping
Refreshing native plugins compatible for Editor in 0.25 ms, found 0 plugins.
Preloading 0 native plugins for Editor in 0.00 ms.
Unloading 1151 Unused Serialized files (Serialized files now loaded: 0)
System memory in use before: 61.3 MB.
System memory in use after: 61.4 MB.

Unloading 7 unused Assets to reduce memory usage. Loaded Objects now: 1638.
Total: 1.831700 ms (FindLiveObjects: 0.213700 ms CreateObjectMapping: 0.145900 ms MarkObjects: 1.421400 ms  DeleteObjects: 0.049900 ms)

========================================================================
Received Import Request.
  Time since last request: 422.531962 seconds.
  path: Assets/Resources/Sprites/Circle.png
  artifactKey: Guid(ca4643a86d882974eb92d928e147ebff) Importer(815301076,1909f56bfc062723c751e8b465ee728b)
Start importing Assets/Resources/Sprites/Circle.png using Guid(ca4643a86d882974eb92d928e147ebff) Importer(815301076,1909f56bfc062723c751e8b465ee728b)  -> (artifact id: '6534b8e2b05e8b118454550712c03c71') in 0.033221 seconds
  Import took 0.035186 seconds .

========================================================================
Received Import Request.
  Time since last request: 40.946630 seconds.
  path: Assets/Resources/Sprites/Circle.png
  artifactKey: Guid(ca4643a86d882974eb92d928e147ebff) Importer(815301076,1909f56bfc062723c751e8b465ee728b)
Start importing Assets/Resources/Sprites/Circle.png using Guid(ca4643a86d882974eb92d928e147ebff) Importer(815301076,1909f56bfc062723c751e8b465ee728b)  -> (artifact id: '00603fedd7307cfc0e9e200c322ae357') in 0.008038 seconds
  Import took 0.009857 seconds .

========================================================================
Received Import Request.
  Time since last request: 0.001928 seconds.
  path: Assets/Resources/Sprites/Circle.png
  artifactKey: Guid(ca4643a86d882974eb92d928e147ebff) Importer(815301076,1909f56bfc062723c751e8b465ee728b)
Start importing Assets/Resources/Sprites/Circle.png using Guid(ca4643a86d882974eb92d928e147ebff) Importer(815301076,1909f56bfc062723c751e8b465ee728b)  -> (artifact id: '00603fedd7307cfc0e9e200c322ae357') in 0.006697 seconds
  Import took 0.008765 seconds .

========================================================================
Received Import Request.
  Time since last request: 7.549726 seconds.
  path: Assets/Resources/Sprites/Circle.png
  artifactKey: Guid(ca4643a86d882974eb92d928e147ebff) Importer(815301076,1909f56bfc062723c751e8b465ee728b)
Start importing Assets/Resources/Sprites/Circle.png using Guid(ca4643a86d882974eb92d928e147ebff) Importer(815301076,1909f56bfc062723c751e8b465ee728b)  -> (artifact id: 'a2aefbbd29a420735193c3f1dbea43d3') in 0.023204 seconds
  Import took 0.025027 seconds .

========================================================================
Received Prepare
Registering precompiled user dll's ...
Registered in 0.001298 seconds.
Begin MonoManager ReloadAssembly
Native extension for WindowsStandalone target not found
Refreshing native plugins compatible for Editor in 0.19 ms, found 0 plugins.
Preloading 0 native plugins for Editor in 0.00 ms.
Mono: successfully reloaded assembly
- Completed reload, in  0.642 seconds
Platform modules already initialized, skipping
Refreshing native plugins compatible for Editor in 0.18 ms, found 0 plugins.
Preloading 0 native plugins for Editor in 0.00 ms.
Unloading 1151 Unused Serialized files (Serialized files now loaded: 0)
System memory in use before: 61.3 MB.
System memory in use after: 61.4 MB.

Unloading 7 unused Assets to reduce memory usage. Loaded Objects now: 1644.
Total: 1.346200 ms (FindLiveObjects: 0.102600 ms CreateObjectMapping: 0.028900 ms MarkObjects: 1.178500 ms  DeleteObjects: 0.035700 ms)

========================================================================
Received Prepare
Registering precompiled user dll's ...
Registered in 0.001068 seconds.
Begin MonoManager ReloadAssembly
Native extension for WindowsStandalone target not found
Refreshing native plugins compatible for Editor in 0.19 ms, found 0 plugins.
Preloading 0 native plugins for Editor in 0.00 ms.
Mono: successfully reloaded assembly
- Completed reload, in  0.618 seconds
Platform modules already initialized, skipping
Refreshing native plugins compatible for Editor in 0.19 ms, found 0 plugins.
Preloading 0 native plugins for Editor in 0.00 ms.
Unloading 1151 Unused Serialized files (Serialized files now loaded: 0)
System memory in use before: 61.3 MB.
System memory in use after: 61.4 MB.

Unloading 7 unused Assets to reduce memory usage. Loaded Objects now: 1647.
Total: 1.408000 ms (FindLiveObjects: 0.131500 ms CreateObjectMapping: 0.031100 ms MarkObjects: 1.169000 ms  DeleteObjects: 0.075700 ms)

========================================================================
Received Prepare
Registering precompiled user dll's ...
Registered in 0.001258 seconds.
Begin MonoManager ReloadAssembly
Native extension for WindowsStandalone target not found
Refreshing native plugins compatible for Editor in 0.23 ms, found 0 plugins.
Preloading 0 native plugins for Editor in 0.00 ms.
Mono: successfully reloaded assembly
- Completed reload, in  0.625 seconds
Platform modules already initialized, skipping
Refreshing native plugins compatible for Editor in 0.17 ms, found 0 plugins.
Preloading 0 native plugins for Editor in 0.00 ms.
Unloading 1151 Unused Serialized files (Serialized files now loaded: 0)
System memory in use before: 61.3 MB.
System memory in use after: 61.4 MB.

Unloading 7 unused Assets to reduce memory usage. Loaded Objects now: 1650.
Total: 1.459200 ms (FindLiveObjects: 0.097600 ms CreateObjectMapping: 0.027900 ms MarkObjects: 1.297700 ms  DeleteObjects: 0.035200 ms)

========================================================================
Received Prepare
Registering precompiled user dll's ...
Registered in 0.001316 seconds.
Begin MonoManager ReloadAssembly
Native extension for WindowsStandalone target not found
Refreshing native plugins compatible for Editor in 0.19 ms, found 0 plugins.
Preloading 0 native plugins for Editor in 0.00 ms.
Mono: successfully reloaded assembly
- Completed reload, in  0.629 seconds
Platform modules already initialized, skipping
Refreshing native plugins compatible for Editor in 0.19 ms, found 0 plugins.
Preloading 0 native plugins for Editor in 0.00 ms.
Unloading 1151 Unused Serialized files (Serialized files now loaded: 0)
System memory in use before: 61.3 MB.
System memory in use after: 61.4 MB.

Unloading 7 unused Assets to reduce memory usage. Loaded Objects now: 1653.
Total: 1.408100 ms (FindLiveObjects: 0.159200 ms CreateObjectMapping: 0.034900 ms MarkObjects: 1.155500 ms  DeleteObjects: 0.057500 ms)

========================================================================
Received Import Request.
  Time since last request: 292.178329 seconds.
  path: Assets/Resources/Cell.prefab
  artifactKey: Guid(d89d1a920e0ed214aa335027c5af38d8) Importer(815301076,1909f56bfc062723c751e8b465ee728b)
Start importing Assets/Resources/Cell.prefab using Guid(d89d1a920e0ed214aa335027c5af38d8) Importer(815301076,1909f56bfc062723c751e8b465ee728b)  -> (artifact id: '1d544abeef95b3eca45afa53dd2d7398') in 0.042998 seconds
  Import took 0.044667 seconds .

========================================================================
Received Import Request.
  Time since last request: 1.197938 seconds.
  path: Assets/Resources/Cell.prefab
  artifactKey: Guid(d89d1a920e0ed214aa335027c5af38d8) Importer(815301076,1909f56bfc062723c751e8b465ee728b)
Start importing Assets/Resources/Cell.prefab using Guid(d89d1a920e0ed214aa335027c5af38d8) Importer(815301076,1909f56bfc062723c751e8b465ee728b)  -> (artifact id: '1d544abeef95b3eca45afa53dd2d7398') in 0.007327 seconds
  Import took 0.009411 seconds .

========================================================================
Received Prepare
Registering precompiled user dll's ...
Registered in 0.001062 seconds.
Begin MonoManager ReloadAssembly
Native extension for WindowsStandalone target not found
Refreshing native plugins compatible for Editor in 0.21 ms, found 0 plugins.
Preloading 0 native plugins for Editor in 0.00 ms.
Mono: successfully reloaded assembly
- Completed reload, in  0.632 seconds
Platform modules already initialized, skipping
Refreshing native plugins compatible for Editor in 0.18 ms, found 0 plugins.
Preloading 0 native plugins for Editor in 0.00 ms.
Unloading 1151 Unused Serialized files (Serialized files now loaded: 0)
System memory in use before: 61.3 MB.
System memory in use after: 61.4 MB.

Unloading 7 unused Assets to reduce memory usage. Loaded Objects now: 1657.
Total: 1.388800 ms (FindLiveObjects: 0.127100 ms CreateObjectMapping: 0.031300 ms MarkObjects: 1.165400 ms  DeleteObjects: 0.064200 ms)

========================================================================
Received Prepare
Registering precompiled user dll's ...
Registered in 0.001067 seconds.
Begin MonoManager ReloadAssembly
Native extension for WindowsStandalone target not found
Refreshing native plugins compatible for Editor in 0.19 ms, found 0 plugins.
Preloading 0 native plugins for Editor in 0.00 ms.
Mono: successfully reloaded assembly
- Completed reload, in  0.627 seconds
Platform modules already initialized, skipping
Refreshing native plugins compatible for Editor in 0.19 ms, found 0 plugins.
Preloading 0 native plugins for Editor in 0.00 ms.
Unloading 1151 Unused Serialized files (Serialized files now loaded: 0)
System memory in use before: 61.3 MB.
System memory in use after: 61.4 MB.

Unloading 7 unused Assets to reduce memory usage. Loaded Objects now: 1660.
Total: 1.489300 ms (FindLiveObjects: 0.128900 ms CreateObjectMapping: 0.036400 ms MarkObjects: 1.240700 ms  DeleteObjects: 0.082500 ms)

========================================================================
Received Prepare
Registering precompiled user dll's ...
Registered in 0.001090 seconds.
Begin MonoManager ReloadAssembly
Native extension for WindowsStandalone target not found
Refreshing native plugins compatible for Editor in 0.19 ms, found 0 plugins.
Preloading 0 native plugins for Editor in 0.00 ms.
Mono: successfully reloaded assembly
- Completed reload, in  0.629 seconds
Platform modules already initialized, skipping
Refreshing native plugins compatible for Editor in 0.18 ms, found 0 plugins.
Preloading 0 native plugins for Editor in 0.00 ms.
Unloading 1151 Unused Serialized files (Serialized files now loaded: 0)
System memory in use before: 61.3 MB.
System memory in use after: 61.4 MB.

Unloading 7 unused Assets to reduce memory usage. Loaded Objects now: 1663.
Total: 1.322600 ms (FindLiveObjects: 0.110700 ms CreateObjectMapping: 0.025700 ms MarkObjects: 1.154400 ms  DeleteObjects: 0.031000 ms)

========================================================================
Received Prepare
Registering precompiled user dll's ...
Registered in 0.001031 seconds.
Begin MonoManager ReloadAssembly
Native extension for WindowsStandalone target not found
Refreshing native plugins compatible for Editor in 0.20 ms, found 0 plugins.
Preloading 0 native plugins for Editor in 0.00 ms.
Mono: successfully reloaded assembly
- Completed reload, in  0.624 seconds
Platform modules already initialized, skipping
Refreshing native plugins compatible for Editor in 0.17 ms, found 0 plugins.
Preloading 0 native plugins for Editor in 0.00 ms.
Unloading 1151 Unused Serialized files (Serialized files now loaded: 0)
System memory in use before: 61.4 MB.
System memory in use after: 61.4 MB.

Unloading 7 unused Assets to reduce memory usage. Loaded Objects now: 1666.
Total: 1.269100 ms (FindLiveObjects: 0.102200 ms CreateObjectMapping: 0.029300 ms MarkObjects: 1.102700 ms  DeleteObjects: 0.034000 ms)

AssetImportWorkerClient::OnTransportError - code=2 error=End of file
